<?xml version="1.0" encoding="UTF-8"?>
<!-- Generated by org.testng.reporters.JUnitReportReporter -->
<testsuite hostname="DESKTOP-85BO7HK" failures="0" tests="5" name="Hello.NewData" time="19.088" errors="0" timestamp="2022-08-30T11:21:23 IST" skipped="0">
  <testcase classname="Hello.NewData" name="loginTest" time="3.184"/>
  <system-out/>
  <testcase classname="Hello.NewData" name="loginTest" time="4.081"/>
  <system-out/>
  <testcase classname="Hello.NewData" name="loginTest" time="4.262"/>
  <system-out/>
  <testcase classname="Hello.NewData" name="loginTest" time="4.163"/>
  <system-out/>
  <testcase classname="Hello.NewData" name="loginTest" time="3.398"/>
  <system-out/>
</testsuite> <!-- Hello.NewData -->
